<?xml version="1.0" encoding="UTF-8"?>
<!-- Generated by org.testng.reporters.JUnitXMLReporter -->
<testsuite ignored="0" hostname="PRATIK" failures="0" tests="6" name="Test" time="0.092" errors="0" timestamp="2022-09-22T14:29:43 IST">
  <testcase classname="SuiteAnnotationPractice.TestCase1" name="m1" time="0.009"/>
  <testcase classname="SuiteAnnotationPractice.TestCase1" name="m2" time="0.002"/>
  <testcase classname="SuiteAnnotationPractice.TestCase1" name="m3" time="0.003"/>
  <testcase classname="SuiteAnnotationPractice.TestCase2" name="m4" time="0.001"/>
  <testcase classname="SuiteAnnotationPractice.TestCase2" name="m5" time="0.002"/>
  <testcase classname="SuiteAnnotationPractice.TestCase2" name="m6" time="0.003"/>
</testsuite> <!-- Test -->
