<?xml version="1.0" encoding="UTF-8"?>
<!-- Generated by org.testng.reporters.JUnitXMLReporter -->
<testsuite ignored="0" hostname="PRATIK" failures="0" tests="6" name="Chrome Test" time="38.03" errors="0" timestamp="2022-09-28T13:06:51 IST">
  <testcase classname="ParameterizationCrossBrowserPractice.CrossBrowserPractice" name="sample" time="36.665"/>
  <testcase classname="ParameterizationCrossBrowserPractice.CrossBrowserPractice" name="verifyCurrentUrl" time="0.029"/>
  <testcase classname="ParameterizationCrossBrowserPractice.CrossBrowserPractice" name="verifyTitle" time="0.021"/>
  <testcase classname="ParameterizationCrossBrowserPractice.CrossBrowserPractice" name="verifyUsername" time="0.347"/>
  <testcase classname="ParameterizationCrossBrowserPractice.CrossBrowserPractice" name="verifyPassword" time="0.512"/>
  <testcase classname="ParameterizationCrossBrowserPractice.CrossBrowserPractice" name="clickLoginBtn" time="0.366"/>
</testsuite> <!-- Chrome Test -->
