<?xml version="1.0" encoding="UTF-8"?>
<!-- Generated by org.testng.reporters.JUnitXMLReporter -->
<testsuite ignored="0" hostname="PRATIK" failures="0" tests="6" name="Cross Test" time="28.108" errors="0" timestamp="2022-09-28T13:03:52 IST">
  <testcase classname="ParameterizationCrossBrowserPractice.CrossBrowserPractice" name="sample" time="26.692"/>
  <testcase classname="ParameterizationCrossBrowserPractice.CrossBrowserPractice" name="verifyCurrentUrl" time="0.026"/>
  <testcase classname="ParameterizationCrossBrowserPractice.CrossBrowserPractice" name="verifyTitle" time="0.013"/>
  <testcase classname="ParameterizationCrossBrowserPractice.CrossBrowserPractice" name="verifyUsername" time="0.311"/>
  <testcase classname="ParameterizationCrossBrowserPractice.CrossBrowserPractice" name="verifyPassword" time="0.158"/>
  <testcase classname="ParameterizationCrossBrowserPractice.CrossBrowserPractice" name="clickLoginBtn" time="0.808"/>
</testsuite> <!-- Cross Test -->
