<?xml version="1.0" encoding="UTF-8"?>
<!-- Generated by org.testng.reporters.JUnitXMLReporter -->
<testsuite ignored="0" hostname="PRATIK" failures="0" tests="6" name="Cross Browser Testing" time="46.011" errors="0" timestamp="2022-09-28T11:01:05 IST">
  <testcase classname="ParameterizationCrossBrowserPractice.AllBrowsers" name="CrossBrowserTesting" time="36.735"/>
  <testcase classname="ParameterizationCrossBrowserPractice.AllBrowsers" name="VerifyCurrentUrl" time="0.059"/>
  <testcase classname="ParameterizationCrossBrowserPractice.AllBrowsers" name="VerifyPageTitle" time="0.013"/>
  <testcase classname="ParameterizationCrossBrowserPractice.AllBrowsers" name="VerifyUsernameField" time="1.986"/>
  <testcase classname="ParameterizationCrossBrowserPractice.AllBrowsers" name="VerifyPasswordField" time="0.995"/>
  <testcase classname="ParameterizationCrossBrowserPractice.AllBrowsers" name="VerifyLoginBtn" time="6.137"/>
</testsuite> <!-- Cross Browser Testing -->
