<?xml version="1.0" encoding="UTF-8"?>
<!-- Generated by org.testng.reporters.JUnitXMLReporter -->
<testsuite ignored="0" hostname="PRATIK" failures="0" tests="6" name="firefox Test" time="57.005" errors="0" timestamp="2022-09-28T13:07:10 IST">
  <testcase classname="ParameterizationCrossBrowserPractice.CrossBrowserPractice" name="sample" time="55.397"/>
  <testcase classname="ParameterizationCrossBrowserPractice.CrossBrowserPractice" name="verifyCurrentUrl" time="0.01"/>
  <testcase classname="ParameterizationCrossBrowserPractice.CrossBrowserPractice" name="verifyTitle" time="0.015"/>
  <testcase classname="ParameterizationCrossBrowserPractice.CrossBrowserPractice" name="verifyUsername" time="0.372"/>
  <testcase classname="ParameterizationCrossBrowserPractice.CrossBrowserPractice" name="verifyPassword" time="0.229"/>
  <testcase classname="ParameterizationCrossBrowserPractice.CrossBrowserPractice" name="clickLoginBtn" time="0.905"/>
</testsuite> <!-- firefox Test -->
