<?xml version="1.0" encoding="UTF-8"?>
<testng-results ignored="0" total="1" passed="1" failed="0" skipped="0">
  <reporter-output>
  </reporter-output>
  <suite started-at="2022-10-13T17:19:44 IST" name="Default suite" finished-at="2022-10-13T17:20:25 IST" duration-ms="41624">
    <groups>
    </groups>
    <test started-at="2022-10-13T17:19:44 IST" name="Default test" finished-at="2022-10-13T17:20:25 IST" duration-ms="41624">
      <class name="PomWithPageFactoryPractice.ByjusLoginTest">
        <test-method is-config="true" signature="setup()[pri:0, instance:PomWithPageFactoryPractice.ByjusLoginTest@4a7f959b]" started-at="2022-10-13T17:19:44 IST" name="setup" finished-at="2022-10-13T17:20:23 IST" duration-ms="39702" status="PASS">
          <reporter-output>
          </reporter-output>
        </test-method> <!-- setup -->
        <test-method signature="ByjusLoginTestCase()[pri:0, instance:PomWithPageFactoryPractice.ByjusLoginTest@4a7f959b]" started-at="2022-10-13T17:20:23 IST" name="ByjusLoginTestCase" finished-at="2022-10-13T17:20:25 IST" duration-ms="1479" status="PASS">
          <reporter-output>
          </reporter-output>
        </test-method> <!-- ByjusLoginTestCase -->
        <test-method is-config="true" signature="teardown()[pri:0, instance:PomWithPageFactoryPractice.ByjusLoginTest@4a7f959b]" started-at="2022-10-13T17:20:25 IST" name="teardown" finished-at="2022-10-13T17:20:25 IST" duration-ms="367" status="PASS">
          <reporter-output>
          </reporter-output>
        </test-method> <!-- teardown -->
      </class> <!-- PomWithPageFactoryPractice.ByjusLoginTest -->
    </test> <!-- Default test -->
  </suite> <!-- Default suite -->
</testng-results>
